2020-07-18 12:00:19,827 INFO com.DanidigaDeveloper.app.PruebaRicohApplication [restartedMain] Starting PruebaRicohApplication on DESKTOP-H7E2T70 with PID 8640 (C:\Users\dani_\git\localRepository\Prueba-Ricoh\target\classes started by dani_ in C:\Users\dani_\git\localRepository\Prueba-Ricoh)
2020-07-18 12:00:19,827 DEBUG com.DanidigaDeveloper.app.PruebaRicohApplication [restartedMain] Running with Spring Boot v2.3.1.RELEASE, Spring v5.2.7.RELEASE
2020-07-18 12:00:19,828 INFO com.DanidigaDeveloper.app.PruebaRicohApplication [restartedMain] No active profile set, falling back to default profiles: default
2020-07-18 12:00:20,602 DEBUG org.hibernate.SQL [task-1] alter table product_order drop foreign key FKaj38y7vlmaoqbo7wwy1b3jyrr
2020-07-18 12:00:20,607 DEBUG org.hibernate.SQL [task-1] alter table product_order drop foreign key FKaybj44o3qdfbgyhsd6b06pc7l
2020-07-18 12:00:20,609 DEBUG org.hibernate.SQL [task-1] alter table products drop foreign key FKns7g3owy5rbdn1kw9ww9wjhe8
2020-07-18 12:00:20,611 DEBUG org.hibernate.SQL [task-1] drop table if exists catalogs
2020-07-18 12:00:20,615 DEBUG org.hibernate.SQL [task-1] drop table if exists orders
2020-07-18 12:00:20,619 DEBUG org.hibernate.SQL [task-1] drop table if exists product_order
2020-07-18 12:00:20,623 DEBUG org.hibernate.SQL [task-1] drop table if exists products
2020-07-18 12:00:20,627 DEBUG org.hibernate.SQL [task-1] create table catalogs (id bigint not null auto_increment, description varchar(50), primary key (id)) engine=InnoDB
2020-07-18 12:00:20,654 DEBUG org.hibernate.SQL [task-1] create table orders (id bigint not null auto_increment, description varchar(50), primary key (id)) engine=InnoDB
2020-07-18 12:00:20,699 DEBUG org.hibernate.SQL [task-1] create table product_order (id_order bigint not null, id_product bigint not null, primary key (id_order, id_product)) engine=InnoDB
2020-07-18 12:00:20,742 DEBUG org.hibernate.SQL [task-1] create table products (id bigint not null auto_increment, description varchar(50), catalogue_id bigint not null, primary key (id)) engine=InnoDB
2020-07-18 12:00:20,767 DEBUG org.hibernate.SQL [task-1] alter table product_order add constraint FKaj38y7vlmaoqbo7wwy1b3jyrr foreign key (id_product) references products (id)
2020-07-18 12:00:20,854 DEBUG org.hibernate.SQL [task-1] alter table product_order add constraint FKaybj44o3qdfbgyhsd6b06pc7l foreign key (id_order) references orders (id)
2020-07-18 12:00:20,959 DEBUG org.hibernate.SQL [task-1] alter table products add constraint FKns7g3owy5rbdn1kw9ww9wjhe8 foreign key (catalogue_id) references catalogs (id)
2020-07-18 12:00:21,102 INFO com.DanidigaDeveloper.app.PruebaRicohApplication [restartedMain] Started PruebaRicohApplication in 1.368 seconds (JVM running for 1233.418)
2020-07-18 13:22:31,788 DEBUG org.hibernate.SQL [RMI TCP Connection(96)-127.0.0.1] alter table product_order drop foreign key FKaj38y7vlmaoqbo7wwy1b3jyrr
2020-07-18 13:22:32,083 DEBUG org.hibernate.SQL [RMI TCP Connection(96)-127.0.0.1] alter table product_order drop foreign key FKaybj44o3qdfbgyhsd6b06pc7l
2020-07-18 13:22:32,117 DEBUG org.hibernate.SQL [RMI TCP Connection(96)-127.0.0.1] alter table products drop foreign key FKns7g3owy5rbdn1kw9ww9wjhe8
2020-07-18 13:22:32,182 DEBUG org.hibernate.SQL [RMI TCP Connection(96)-127.0.0.1] drop table if exists catalogs
2020-07-18 13:22:32,236 DEBUG org.hibernate.SQL [RMI TCP Connection(96)-127.0.0.1] drop table if exists orders
2020-07-18 13:22:32,288 DEBUG org.hibernate.SQL [RMI TCP Connection(96)-127.0.0.1] drop table if exists product_order
2020-07-18 13:22:32,317 DEBUG org.hibernate.SQL [RMI TCP Connection(96)-127.0.0.1] drop table if exists products
2020-07-18 18:43:00,648 INFO com.DanidigaDeveloper.app.PruebaRicohApplicationTests [main] Starting PruebaRicohApplicationTests on DESKTOP-H7E2T70 with PID 12064 (started by dani_ in C:\Users\dani_\git\localRepository\Prueba-Ricoh)
2020-07-18 18:43:00,653 DEBUG com.DanidigaDeveloper.app.PruebaRicohApplicationTests [main] Running with Spring Boot v2.3.1.RELEASE, Spring v5.2.7.RELEASE
2020-07-18 18:43:00,654 INFO com.DanidigaDeveloper.app.PruebaRicohApplicationTests [main] No active profile set, falling back to default profiles: default
2020-07-18 18:43:03,957 WARN org.springframework.web.context.support.GenericWebApplicationContext [main] Exception encountered during context initialization - cancelling refresh attempt: org.springframework.beans.factory.UnsatisfiedDependencyException: Error creating bean with name 'catalogueController': Unsatisfied dependency expressed through field 'catalogueService'; nested exception is org.springframework.beans.factory.NoSuchBeanDefinitionException: No qualifying bean of type 'com.DanidigaDeveloper.app.service.CatalogueService' available: expected at least 1 bean which qualifies as autowire candidate. Dependency annotations: {@org.springframework.beans.factory.annotation.Autowired(required=true)}
2020-07-18 18:43:05,902 DEBUG org.hibernate.SQL [task-1] alter table product_order drop foreign key FKaj38y7vlmaoqbo7wwy1b3jyrr
2020-07-18 18:43:05,991 DEBUG org.hibernate.SQL [task-1] alter table product_order drop foreign key FKaybj44o3qdfbgyhsd6b06pc7l
2020-07-18 18:43:05,995 DEBUG org.hibernate.SQL [task-1] alter table products drop foreign key FKns7g3owy5rbdn1kw9ww9wjhe8
2020-07-18 18:43:05,999 DEBUG org.hibernate.SQL [task-1] drop table if exists catalogs
2020-07-18 18:43:06,035 DEBUG org.hibernate.SQL [task-1] drop table if exists orders
2020-07-18 18:43:06,040 DEBUG org.hibernate.SQL [task-1] drop table if exists product_order
2020-07-18 18:43:06,044 DEBUG org.hibernate.SQL [task-1] drop table if exists products
2020-07-18 18:43:06,052 DEBUG org.hibernate.SQL [task-1] create table catalogs (id bigint not null auto_increment, description varchar(50), primary key (id)) engine=InnoDB
2020-07-18 18:43:06,136 DEBUG org.hibernate.SQL [task-1] create table orders (id bigint not null auto_increment, description varchar(50), primary key (id)) engine=InnoDB
2020-07-18 18:43:06,164 DEBUG org.hibernate.SQL [task-1] create table product_order (id_order bigint not null, id_product bigint not null, primary key (id_order, id_product)) engine=InnoDB
2020-07-18 18:43:06,191 DEBUG org.hibernate.SQL [task-1] create table products (id bigint not null auto_increment, description varchar(50), catalogue_id bigint not null, primary key (id)) engine=InnoDB
2020-07-18 18:43:06,217 DEBUG org.hibernate.SQL [task-1] alter table product_order add constraint FKaj38y7vlmaoqbo7wwy1b3jyrr foreign key (id_product) references products (id)
2020-07-18 18:43:06,339 DEBUG org.hibernate.SQL [task-1] alter table product_order add constraint FKaybj44o3qdfbgyhsd6b06pc7l foreign key (id_order) references orders (id)
2020-07-18 18:43:06,473 DEBUG org.hibernate.SQL [task-1] alter table products add constraint FKns7g3owy5rbdn1kw9ww9wjhe8 foreign key (catalogue_id) references catalogs (id)
2020-07-18 18:43:06,591 DEBUG org.hibernate.SQL [main] alter table product_order drop foreign key FKaj38y7vlmaoqbo7wwy1b3jyrr
2020-07-18 18:43:06,620 DEBUG org.hibernate.SQL [main] alter table product_order drop foreign key FKaybj44o3qdfbgyhsd6b06pc7l
2020-07-18 18:43:06,636 DEBUG org.hibernate.SQL [main] alter table products drop foreign key FKns7g3owy5rbdn1kw9ww9wjhe8
2020-07-18 18:43:06,662 DEBUG org.hibernate.SQL [main] drop table if exists catalogs
2020-07-18 18:43:06,679 DEBUG org.hibernate.SQL [main] drop table if exists orders
2020-07-18 18:43:06,732 DEBUG org.hibernate.SQL [main] drop table if exists product_order
2020-07-18 18:43:06,757 DEBUG org.hibernate.SQL [main] drop table if exists products
2020-07-18 18:43:06,948 ERROR org.springframework.boot.diagnostics.LoggingFailureAnalysisReporter [main] 

***************************
APPLICATION FAILED TO START
***************************

Description:

Field catalogueService in com.DanidigaDeveloper.app.controller.CatalogueController required a bean of type 'com.DanidigaDeveloper.app.service.CatalogueService' that could not be found.

The injection point has the following annotations:
	- @org.springframework.beans.factory.annotation.Autowired(required=true)


Action:

Consider defining a bean of type 'com.DanidigaDeveloper.app.service.CatalogueService' in your configuration.

2020-07-18 18:43:06,954 ERROR org.springframework.test.context.TestContextManager [main] Caught exception while allowing TestExecutionListener [org.springframework.test.context.web.ServletTestExecutionListener@316d30ad] to prepare test instance [com.DanidigaDeveloper.app.PruebaRicohApplicationTests@3ea75b05]
java.lang.IllegalStateException: Failed to load ApplicationContext
	at org.springframework.test.context.cache.DefaultCacheAwareContextLoaderDelegate.loadContext(DefaultCacheAwareContextLoaderDelegate.java:132)
	at org.springframework.test.context.support.DefaultTestContext.getApplicationContext(DefaultTestContext.java:123)
	at org.springframework.test.context.web.ServletTestExecutionListener.setUpRequestContextIfNecessary(ServletTestExecutionListener.java:190)
	at org.springframework.test.context.web.ServletTestExecutionListener.prepareTestInstance(ServletTestExecutionListener.java:132)
	at org.springframework.test.context.TestContextManager.prepareTestInstance(TestContextManager.java:244)
	at org.springframework.test.context.junit.jupiter.SpringExtension.postProcessTestInstance(SpringExtension.java:98)
	at org.junit.jupiter.engine.descriptor.ClassBasedTestDescriptor.lambda$invokeTestInstancePostProcessors$5(ClassBasedTestDescriptor.java:341)
	at org.junit.jupiter.engine.descriptor.ClassBasedTestDescriptor.executeAndMaskThrowable(ClassBasedTestDescriptor.java:346)
	at org.junit.jupiter.engine.descriptor.ClassBasedTestDescriptor.lambda$invokeTestInstancePostProcessors$6(ClassBasedTestDescriptor.java:341)
	at java.base/java.util.stream.ReferencePipeline$3$1.accept(ReferencePipeline.java:195)
	at java.base/java.util.stream.ReferencePipeline$2$1.accept(ReferencePipeline.java:177)
	at java.base/java.util.ArrayList$ArrayListSpliterator.forEachRemaining(ArrayList.java:1654)
	at java.base/java.util.stream.AbstractPipeline.copyInto(AbstractPipeline.java:484)
	at java.base/java.util.stream.AbstractPipeline.wrapAndCopyInto(AbstractPipeline.java:474)
	at java.base/java.util.stream.StreamSpliterators$WrappingSpliterator.forEachRemaining(StreamSpliterators.java:312)
	at java.base/java.util.stream.Streams$ConcatSpliterator.forEachRemaining(Streams.java:735)
	at java.base/java.util.stream.Streams$ConcatSpliterator.forEachRemaining(Streams.java:734)
	at java.base/java.util.stream.ReferencePipeline$Head.forEach(ReferencePipeline.java:658)
	at org.junit.jupiter.engine.descriptor.ClassBasedTestDescriptor.invokeTestInstancePostProcessors(ClassBasedTestDescriptor.java:340)
	at org.junit.jupiter.engine.descriptor.ClassBasedTestDescriptor.instantiateAndPostProcessTestInstance(ClassBasedTestDescriptor.java:263)
	at org.junit.jupiter.engine.descriptor.ClassBasedTestDescriptor.lambda$testInstancesProvider$2(ClassBasedTestDescriptor.java:256)
	at java.base/java.util.Optional.orElseGet(Optional.java:369)
	at org.junit.jupiter.engine.descriptor.ClassBasedTestDescriptor.lambda$testInstancesProvider$3(ClassBasedTestDescriptor.java:255)
	at org.junit.jupiter.engine.execution.TestInstancesProvider.getTestInstances(TestInstancesProvider.java:29)
	at org.junit.jupiter.engine.descriptor.TestMethodTestDescriptor.lambda$prepare$0(TestMethodTestDescriptor.java:108)
	at org.junit.platform.engine.support.hierarchical.ThrowableCollector.execute(ThrowableCollector.java:73)
	at org.junit.jupiter.engine.descriptor.TestMethodTestDescriptor.prepare(TestMethodTestDescriptor.java:107)
	at org.junit.jupiter.engine.descriptor.TestMethodTestDescriptor.prepare(TestMethodTestDescriptor.java:71)
	at org.junit.platform.engine.support.hierarchical.NodeTestTask.lambda$prepare$1(NodeTestTask.java:107)
	at org.junit.platform.engine.support.hierarchical.ThrowableCollector.execute(ThrowableCollector.java:73)
	at org.junit.platform.engine.support.hierarchical.NodeTestTask.prepare(NodeTestTask.java:107)
	at org.junit.platform.engine.support.hierarchical.NodeTestTask.execute(NodeTestTask.java:75)
	at java.base/java.util.ArrayList.forEach(ArrayList.java:1540)
	at org.junit.platform.engine.support.hierarchical.SameThreadHierarchicalTestExecutorService.invokeAll(SameThreadHierarchicalTestExecutorService.java:38)
	at org.junit.platform.engine.support.hierarchical.NodeTestTask.lambda$executeRecursively$5(NodeTestTask.java:139)
	at org.junit.platform.engine.support.hierarchical.ThrowableCollector.execute(ThrowableCollector.java:73)
	at org.junit.platform.engine.support.hierarchical.NodeTestTask.lambda$executeRecursively$7(NodeTestTask.java:125)
	at org.junit.platform.engine.support.hierarchical.Node.around(Node.java:135)
	at org.junit.platform.engine.support.hierarchical.NodeTestTask.lambda$executeRecursively$8(NodeTestTask.java:123)
	at org.junit.platform.engine.support.hierarchical.ThrowableCollector.execute(ThrowableCollector.java:73)
	at org.junit.platform.engine.support.hierarchical.NodeTestTask.executeRecursively(NodeTestTask.java:122)
	at org.junit.platform.engine.support.hierarchical.NodeTestTask.execute(NodeTestTask.java:80)
	at java.base/java.util.ArrayList.forEach(ArrayList.java:1540)
	at org.junit.platform.engine.support.hierarchical.SameThreadHierarchicalTestExecutorService.invokeAll(SameThreadHierarchicalTestExecutorService.java:38)
	at org.junit.platform.engine.support.hierarchical.NodeTestTask.lambda$executeRecursively$5(NodeTestTask.java:139)
	at org.junit.platform.engine.support.hierarchical.ThrowableCollector.execute(ThrowableCollector.java:73)
	at org.junit.platform.engine.support.hierarchical.NodeTestTask.lambda$executeRecursively$7(NodeTestTask.java:125)
	at org.junit.platform.engine.support.hierarchical.Node.around(Node.java:135)
	at org.junit.platform.engine.support.hierarchical.NodeTestTask.lambda$executeRecursively$8(NodeTestTask.java:123)
	at org.junit.platform.engine.support.hierarchical.ThrowableCollector.execute(ThrowableCollector.java:73)
	at org.junit.platform.engine.support.hierarchical.NodeTestTask.executeRecursively(NodeTestTask.java:122)
	at org.junit.platform.engine.support.hierarchical.NodeTestTask.execute(NodeTestTask.java:80)
	at org.junit.platform.engine.support.hierarchical.SameThreadHierarchicalTestExecutorService.submit(SameThreadHierarchicalTestExecutorService.java:32)
	at org.junit.platform.engine.support.hierarchical.HierarchicalTestExecutor.execute(HierarchicalTestExecutor.java:57)
	at org.junit.platform.engine.support.hierarchical.HierarchicalTestEngine.execute(HierarchicalTestEngine.java:51)
	at org.junit.platform.launcher.core.DefaultLauncher.execute(DefaultLauncher.java:220)
	at org.junit.platform.launcher.core.DefaultLauncher.lambda$execute$6(DefaultLauncher.java:188)
	at org.junit.platform.launcher.core.DefaultLauncher.withInterceptedStreams(DefaultLauncher.java:202)
	at org.junit.platform.launcher.core.DefaultLauncher.execute(DefaultLauncher.java:181)
	at org.junit.platform.launcher.core.DefaultLauncher.execute(DefaultLauncher.java:128)
	at org.apache.maven.surefire.junitplatform.JUnitPlatformProvider.invokeAllTests(JUnitPlatformProvider.java:150)
	at org.apache.maven.surefire.junitplatform.JUnitPlatformProvider.invoke(JUnitPlatformProvider.java:124)
	at org.apache.maven.surefire.booter.ForkedBooter.invokeProviderInSameClassLoader(ForkedBooter.java:384)
	at org.apache.maven.surefire.booter.ForkedBooter.runSuitesInProcess(ForkedBooter.java:345)
	at org.apache.maven.surefire.booter.ForkedBooter.execute(ForkedBooter.java:126)
	at org.apache.maven.surefire.booter.ForkedBooter.main(ForkedBooter.java:418)
Caused by: org.springframework.beans.factory.UnsatisfiedDependencyException: Error creating bean with name 'catalogueController': Unsatisfied dependency expressed through field 'catalogueService'; nested exception is org.springframework.beans.factory.NoSuchBeanDefinitionException: No qualifying bean of type 'com.DanidigaDeveloper.app.service.CatalogueService' available: expected at least 1 bean which qualifies as autowire candidate. Dependency annotations: {@org.springframework.beans.factory.annotation.Autowired(required=true)}
	at org.springframework.beans.factory.annotation.AutowiredAnnotationBeanPostProcessor$AutowiredFieldElement.inject(AutowiredAnnotationBeanPostProcessor.java:643)
	at org.springframework.beans.factory.annotation.InjectionMetadata.inject(InjectionMetadata.java:130)
	at org.springframework.beans.factory.annotation.AutowiredAnnotationBeanPostProcessor.postProcessProperties(AutowiredAnnotationBeanPostProcessor.java:399)
	at org.springframework.beans.factory.support.AbstractAutowireCapableBeanFactory.populateBean(AbstractAutowireCapableBeanFactory.java:1422)
	at org.springframework.beans.factory.support.AbstractAutowireCapableBeanFactory.doCreateBean(AbstractAutowireCapableBeanFactory.java:594)
	at org.springframework.beans.factory.support.AbstractAutowireCapableBeanFactory.createBean(AbstractAutowireCapableBeanFactory.java:517)
	at org.springframework.beans.factory.support.AbstractBeanFactory.lambda$doGetBean$0(AbstractBeanFactory.java:323)
	at org.springframework.beans.factory.support.DefaultSingletonBeanRegistry.getSingleton(DefaultSingletonBeanRegistry.java:226)
	at org.springframework.beans.factory.support.AbstractBeanFactory.doGetBean(AbstractBeanFactory.java:321)
	at org.springframework.beans.factory.support.AbstractBeanFactory.getBean(AbstractBeanFactory.java:202)
	at org.springframework.beans.factory.support.DefaultListableBeanFactory.preInstantiateSingletons(DefaultListableBeanFactory.java:893)
	at org.springframework.context.support.AbstractApplicationContext.finishBeanFactoryInitialization(AbstractApplicationContext.java:879)
	at org.springframework.context.support.AbstractApplicationContext.refresh(AbstractApplicationContext.java:551)
	at org.springframework.boot.SpringApplication.refresh(SpringApplication.java:758)
	at org.springframework.boot.SpringApplication.refresh(SpringApplication.java:750)
	at org.springframework.boot.SpringApplication.refreshContext(SpringApplication.java:397)
	at org.springframework.boot.SpringApplication.run(SpringApplication.java:315)
	at org.springframework.boot.test.context.SpringBootContextLoader.loadContext(SpringBootContextLoader.java:120)
	at org.springframework.test.context.cache.DefaultCacheAwareContextLoaderDelegate.loadContextInternal(DefaultCacheAwareContextLoaderDelegate.java:99)
	at org.springframework.test.context.cache.DefaultCacheAwareContextLoaderDelegate.loadContext(DefaultCacheAwareContextLoaderDelegate.java:124)
	... 65 common frames omitted
Caused by: org.springframework.beans.factory.NoSuchBeanDefinitionException: No qualifying bean of type 'com.DanidigaDeveloper.app.service.CatalogueService' available: expected at least 1 bean which qualifies as autowire candidate. Dependency annotations: {@org.springframework.beans.factory.annotation.Autowired(required=true)}
	at org.springframework.beans.factory.support.DefaultListableBeanFactory.raiseNoMatchingBeanFound(DefaultListableBeanFactory.java:1714)
	at org.springframework.beans.factory.support.DefaultListableBeanFactory.doResolveDependency(DefaultListableBeanFactory.java:1270)
	at org.springframework.beans.factory.support.DefaultListableBeanFactory.resolveDependency(DefaultListableBeanFactory.java:1224)
	at org.springframework.beans.factory.annotation.AutowiredAnnotationBeanPostProcessor$AutowiredFieldElement.inject(AutowiredAnnotationBeanPostProcessor.java:640)
	... 84 common frames omitted
2020-07-18 18:46:39,514 INFO com.DanidigaDeveloper.app.PruebaRicohApplicationTests [main] Starting PruebaRicohApplicationTests on DESKTOP-H7E2T70 with PID 1220 (started by dani_ in C:\Users\dani_\git\localRepository\Prueba-Ricoh)
2020-07-18 18:46:39,518 DEBUG com.DanidigaDeveloper.app.PruebaRicohApplicationTests [main] Running with Spring Boot v2.3.1.RELEASE, Spring v5.2.7.RELEASE
2020-07-18 18:46:39,519 INFO com.DanidigaDeveloper.app.PruebaRicohApplicationTests [main] No active profile set, falling back to default profiles: default
2020-07-18 18:46:42,569 WARN org.springframework.web.context.support.GenericWebApplicationContext [main] Exception encountered during context initialization - cancelling refresh attempt: org.springframework.beans.factory.UnsatisfiedDependencyException: Error creating bean with name 'catalogueController': Unsatisfied dependency expressed through field 'catalogueService'; nested exception is org.springframework.beans.factory.NoSuchBeanDefinitionException: No qualifying bean of type 'com.DanidigaDeveloper.app.service.CatalogueService' available: expected at least 1 bean which qualifies as autowire candidate. Dependency annotations: {@org.springframework.beans.factory.annotation.Autowired(required=true)}
2020-07-18 18:46:44,473 DEBUG org.hibernate.SQL [task-1] alter table product_order drop foreign key FKaj38y7vlmaoqbo7wwy1b3jyrr
2020-07-18 18:46:44,497 DEBUG org.hibernate.SQL [task-1] alter table product_order drop foreign key FKaybj44o3qdfbgyhsd6b06pc7l
2020-07-18 18:46:44,499 DEBUG org.hibernate.SQL [task-1] alter table products drop foreign key FKns7g3owy5rbdn1kw9ww9wjhe8
2020-07-18 18:46:44,500 DEBUG org.hibernate.SQL [task-1] drop table if exists catalogs
2020-07-18 18:46:44,513 DEBUG org.hibernate.SQL [task-1] drop table if exists orders
2020-07-18 18:46:44,517 DEBUG org.hibernate.SQL [task-1] drop table if exists product_order
2020-07-18 18:46:44,521 DEBUG org.hibernate.SQL [task-1] drop table if exists products
2020-07-18 18:46:44,527 DEBUG org.hibernate.SQL [task-1] create table catalogs (id bigint not null auto_increment, description varchar(50), primary key (id)) engine=InnoDB
2020-07-18 18:46:44,575 DEBUG org.hibernate.SQL [task-1] create table orders (id bigint not null auto_increment, description varchar(50), primary key (id)) engine=InnoDB
2020-07-18 18:46:44,606 DEBUG org.hibernate.SQL [task-1] create table product_order (id_order bigint not null, id_product bigint not null, primary key (id_order, id_product)) engine=InnoDB
2020-07-18 18:46:44,643 DEBUG org.hibernate.SQL [task-1] create table products (id bigint not null auto_increment, description varchar(50), catalogue_id bigint not null, primary key (id)) engine=InnoDB
2020-07-18 18:46:44,668 DEBUG org.hibernate.SQL [task-1] alter table product_order add constraint FKaj38y7vlmaoqbo7wwy1b3jyrr foreign key (id_product) references products (id)
2020-07-18 18:46:44,771 DEBUG org.hibernate.SQL [task-1] alter table product_order add constraint FKaybj44o3qdfbgyhsd6b06pc7l foreign key (id_order) references orders (id)
2020-07-18 18:46:44,927 DEBUG org.hibernate.SQL [task-1] alter table products add constraint FKns7g3owy5rbdn1kw9ww9wjhe8 foreign key (catalogue_id) references catalogs (id)
2020-07-18 18:46:45,094 DEBUG org.hibernate.SQL [main] alter table product_order drop foreign key FKaj38y7vlmaoqbo7wwy1b3jyrr
2020-07-18 18:46:45,108 DEBUG org.hibernate.SQL [main] alter table product_order drop foreign key FKaybj44o3qdfbgyhsd6b06pc7l
2020-07-18 18:46:45,120 DEBUG org.hibernate.SQL [main] alter table products drop foreign key FKns7g3owy5rbdn1kw9ww9wjhe8
2020-07-18 18:46:45,134 DEBUG org.hibernate.SQL [main] drop table if exists catalogs
2020-07-18 18:46:45,157 DEBUG org.hibernate.SQL [main] drop table if exists orders
2020-07-18 18:46:45,202 DEBUG org.hibernate.SQL [main] drop table if exists product_order
2020-07-18 18:46:45,217 DEBUG org.hibernate.SQL [main] drop table if exists products
2020-07-18 18:46:45,391 ERROR org.springframework.boot.diagnostics.LoggingFailureAnalysisReporter [main] 

***************************
APPLICATION FAILED TO START
***************************

Description:

Field catalogueService in com.DanidigaDeveloper.app.controller.CatalogueController required a bean of type 'com.DanidigaDeveloper.app.service.CatalogueService' that could not be found.

The injection point has the following annotations:
	- @org.springframework.beans.factory.annotation.Autowired(required=true)


Action:

Consider defining a bean of type 'com.DanidigaDeveloper.app.service.CatalogueService' in your configuration.

2020-07-18 18:46:45,395 ERROR org.springframework.test.context.TestContextManager [main] Caught exception while allowing TestExecutionListener [org.springframework.test.context.web.ServletTestExecutionListener@496cedbb] to prepare test instance [com.DanidigaDeveloper.app.PruebaRicohApplicationTests@6b6def36]
java.lang.IllegalStateException: Failed to load ApplicationContext
	at org.springframework.test.context.cache.DefaultCacheAwareContextLoaderDelegate.loadContext(DefaultCacheAwareContextLoaderDelegate.java:132)
	at org.springframework.test.context.support.DefaultTestContext.getApplicationContext(DefaultTestContext.java:123)
	at org.springframework.test.context.web.ServletTestExecutionListener.setUpRequestContextIfNecessary(ServletTestExecutionListener.java:190)
	at org.springframework.test.context.web.ServletTestExecutionListener.prepareTestInstance(ServletTestExecutionListener.java:132)
	at org.springframework.test.context.TestContextManager.prepareTestInstance(TestContextManager.java:244)
	at org.springframework.test.context.junit.jupiter.SpringExtension.postProcessTestInstance(SpringExtension.java:98)
	at org.junit.jupiter.engine.descriptor.ClassBasedTestDescriptor.lambda$invokeTestInstancePostProcessors$5(ClassBasedTestDescriptor.java:341)
	at org.junit.jupiter.engine.descriptor.ClassBasedTestDescriptor.executeAndMaskThrowable(ClassBasedTestDescriptor.java:346)
	at org.junit.jupiter.engine.descriptor.ClassBasedTestDescriptor.lambda$invokeTestInstancePostProcessors$6(ClassBasedTestDescriptor.java:341)
	at java.base/java.util.stream.ReferencePipeline$3$1.accept(ReferencePipeline.java:195)
	at java.base/java.util.stream.ReferencePipeline$2$1.accept(ReferencePipeline.java:177)
	at java.base/java.util.ArrayList$ArrayListSpliterator.forEachRemaining(ArrayList.java:1654)
	at java.base/java.util.stream.AbstractPipeline.copyInto(AbstractPipeline.java:484)
	at java.base/java.util.stream.AbstractPipeline.wrapAndCopyInto(AbstractPipeline.java:474)
	at java.base/java.util.stream.StreamSpliterators$WrappingSpliterator.forEachRemaining(StreamSpliterators.java:312)
	at java.base/java.util.stream.Streams$ConcatSpliterator.forEachRemaining(Streams.java:735)
	at java.base/java.util.stream.Streams$ConcatSpliterator.forEachRemaining(Streams.java:734)
	at java.base/java.util.stream.ReferencePipeline$Head.forEach(ReferencePipeline.java:658)
	at org.junit.jupiter.engine.descriptor.ClassBasedTestDescriptor.invokeTestInstancePostProcessors(ClassBasedTestDescriptor.java:340)
	at org.junit.jupiter.engine.descriptor.ClassBasedTestDescriptor.instantiateAndPostProcessTestInstance(ClassBasedTestDescriptor.java:263)
	at org.junit.jupiter.engine.descriptor.ClassBasedTestDescriptor.lambda$testInstancesProvider$2(ClassBasedTestDescriptor.java:256)
	at java.base/java.util.Optional.orElseGet(Optional.java:369)
	at org.junit.jupiter.engine.descriptor.ClassBasedTestDescriptor.lambda$testInstancesProvider$3(ClassBasedTestDescriptor.java:255)
	at org.junit.jupiter.engine.execution.TestInstancesProvider.getTestInstances(TestInstancesProvider.java:29)
	at org.junit.jupiter.engine.descriptor.TestMethodTestDescriptor.lambda$prepare$0(TestMethodTestDescriptor.java:108)
	at org.junit.platform.engine.support.hierarchical.ThrowableCollector.execute(ThrowableCollector.java:73)
	at org.junit.jupiter.engine.descriptor.TestMethodTestDescriptor.prepare(TestMethodTestDescriptor.java:107)
	at org.junit.jupiter.engine.descriptor.TestMethodTestDescriptor.prepare(TestMethodTestDescriptor.java:71)
	at org.junit.platform.engine.support.hierarchical.NodeTestTask.lambda$prepare$1(NodeTestTask.java:107)
	at org.junit.platform.engine.support.hierarchical.ThrowableCollector.execute(ThrowableCollector.java:73)
	at org.junit.platform.engine.support.hierarchical.NodeTestTask.prepare(NodeTestTask.java:107)
	at org.junit.platform.engine.support.hierarchical.NodeTestTask.execute(NodeTestTask.java:75)
	at java.base/java.util.ArrayList.forEach(ArrayList.java:1540)
	at org.junit.platform.engine.support.hierarchical.SameThreadHierarchicalTestExecutorService.invokeAll(SameThreadHierarchicalTestExecutorService.java:38)
	at org.junit.platform.engine.support.hierarchical.NodeTestTask.lambda$executeRecursively$5(NodeTestTask.java:139)
	at org.junit.platform.engine.support.hierarchical.ThrowableCollector.execute(ThrowableCollector.java:73)
	at org.junit.platform.engine.support.hierarchical.NodeTestTask.lambda$executeRecursively$7(NodeTestTask.java:125)
	at org.junit.platform.engine.support.hierarchical.Node.around(Node.java:135)
	at org.junit.platform.engine.support.hierarchical.NodeTestTask.lambda$executeRecursively$8(NodeTestTask.java:123)
	at org.junit.platform.engine.support.hierarchical.ThrowableCollector.execute(ThrowableCollector.java:73)
	at org.junit.platform.engine.support.hierarchical.NodeTestTask.executeRecursively(NodeTestTask.java:122)
	at org.junit.platform.engine.support.hierarchical.NodeTestTask.execute(NodeTestTask.java:80)
	at java.base/java.util.ArrayList.forEach(ArrayList.java:1540)
	at org.junit.platform.engine.support.hierarchical.SameThreadHierarchicalTestExecutorService.invokeAll(SameThreadHierarchicalTestExecutorService.java:38)
	at org.junit.platform.engine.support.hierarchical.NodeTestTask.lambda$executeRecursively$5(NodeTestTask.java:139)
	at org.junit.platform.engine.support.hierarchical.ThrowableCollector.execute(ThrowableCollector.java:73)
	at org.junit.platform.engine.support.hierarchical.NodeTestTask.lambda$executeRecursively$7(NodeTestTask.java:125)
	at org.junit.platform.engine.support.hierarchical.Node.around(Node.java:135)
	at org.junit.platform.engine.support.hierarchical.NodeTestTask.lambda$executeRecursively$8(NodeTestTask.java:123)
	at org.junit.platform.engine.support.hierarchical.ThrowableCollector.execute(ThrowableCollector.java:73)
	at org.junit.platform.engine.support.hierarchical.NodeTestTask.executeRecursively(NodeTestTask.java:122)
	at org.junit.platform.engine.support.hierarchical.NodeTestTask.execute(NodeTestTask.java:80)
	at org.junit.platform.engine.support.hierarchical.SameThreadHierarchicalTestExecutorService.submit(SameThreadHierarchicalTestExecutorService.java:32)
	at org.junit.platform.engine.support.hierarchical.HierarchicalTestExecutor.execute(HierarchicalTestExecutor.java:57)
	at org.junit.platform.engine.support.hierarchical.HierarchicalTestEngine.execute(HierarchicalTestEngine.java:51)
	at org.junit.platform.launcher.core.DefaultLauncher.execute(DefaultLauncher.java:220)
	at org.junit.platform.launcher.core.DefaultLauncher.lambda$execute$6(DefaultLauncher.java:188)
	at org.junit.platform.launcher.core.DefaultLauncher.withInterceptedStreams(DefaultLauncher.java:202)
	at org.junit.platform.launcher.core.DefaultLauncher.execute(DefaultLauncher.java:181)
	at org.junit.platform.launcher.core.DefaultLauncher.execute(DefaultLauncher.java:128)
	at org.apache.maven.surefire.junitplatform.JUnitPlatformProvider.invokeAllTests(JUnitPlatformProvider.java:150)
	at org.apache.maven.surefire.junitplatform.JUnitPlatformProvider.invoke(JUnitPlatformProvider.java:124)
	at org.apache.maven.surefire.booter.ForkedBooter.invokeProviderInSameClassLoader(ForkedBooter.java:384)
	at org.apache.maven.surefire.booter.ForkedBooter.runSuitesInProcess(ForkedBooter.java:345)
	at org.apache.maven.surefire.booter.ForkedBooter.execute(ForkedBooter.java:126)
	at org.apache.maven.surefire.booter.ForkedBooter.main(ForkedBooter.java:418)
Caused by: org.springframework.beans.factory.UnsatisfiedDependencyException: Error creating bean with name 'catalogueController': Unsatisfied dependency expressed through field 'catalogueService'; nested exception is org.springframework.beans.factory.NoSuchBeanDefinitionException: No qualifying bean of type 'com.DanidigaDeveloper.app.service.CatalogueService' available: expected at least 1 bean which qualifies as autowire candidate. Dependency annotations: {@org.springframework.beans.factory.annotation.Autowired(required=true)}
	at org.springframework.beans.factory.annotation.AutowiredAnnotationBeanPostProcessor$AutowiredFieldElement.inject(AutowiredAnnotationBeanPostProcessor.java:643)
	at org.springframework.beans.factory.annotation.InjectionMetadata.inject(InjectionMetadata.java:130)
	at org.springframework.beans.factory.annotation.AutowiredAnnotationBeanPostProcessor.postProcessProperties(AutowiredAnnotationBeanPostProcessor.java:399)
	at org.springframework.beans.factory.support.AbstractAutowireCapableBeanFactory.populateBean(AbstractAutowireCapableBeanFactory.java:1422)
	at org.springframework.beans.factory.support.AbstractAutowireCapableBeanFactory.doCreateBean(AbstractAutowireCapableBeanFactory.java:594)
	at org.springframework.beans.factory.support.AbstractAutowireCapableBeanFactory.createBean(AbstractAutowireCapableBeanFactory.java:517)
	at org.springframework.beans.factory.support.AbstractBeanFactory.lambda$doGetBean$0(AbstractBeanFactory.java:323)
	at org.springframework.beans.factory.support.DefaultSingletonBeanRegistry.getSingleton(DefaultSingletonBeanRegistry.java:226)
	at org.springframework.beans.factory.support.AbstractBeanFactory.doGetBean(AbstractBeanFactory.java:321)
	at org.springframework.beans.factory.support.AbstractBeanFactory.getBean(AbstractBeanFactory.java:202)
	at org.springframework.beans.factory.support.DefaultListableBeanFactory.preInstantiateSingletons(DefaultListableBeanFactory.java:893)
	at org.springframework.context.support.AbstractApplicationContext.finishBeanFactoryInitialization(AbstractApplicationContext.java:879)
	at org.springframework.context.support.AbstractApplicationContext.refresh(AbstractApplicationContext.java:551)
	at org.springframework.boot.SpringApplication.refresh(SpringApplication.java:758)
	at org.springframework.boot.SpringApplication.refresh(SpringApplication.java:750)
	at org.springframework.boot.SpringApplication.refreshContext(SpringApplication.java:397)
	at org.springframework.boot.SpringApplication.run(SpringApplication.java:315)
	at org.springframework.boot.test.context.SpringBootContextLoader.loadContext(SpringBootContextLoader.java:120)
	at org.springframework.test.context.cache.DefaultCacheAwareContextLoaderDelegate.loadContextInternal(DefaultCacheAwareContextLoaderDelegate.java:99)
	at org.springframework.test.context.cache.DefaultCacheAwareContextLoaderDelegate.loadContext(DefaultCacheAwareContextLoaderDelegate.java:124)
	... 65 common frames omitted
Caused by: org.springframework.beans.factory.NoSuchBeanDefinitionException: No qualifying bean of type 'com.DanidigaDeveloper.app.service.CatalogueService' available: expected at least 1 bean which qualifies as autowire candidate. Dependency annotations: {@org.springframework.beans.factory.annotation.Autowired(required=true)}
	at org.springframework.beans.factory.support.DefaultListableBeanFactory.raiseNoMatchingBeanFound(DefaultListableBeanFactory.java:1714)
	at org.springframework.beans.factory.support.DefaultListableBeanFactory.doResolveDependency(DefaultListableBeanFactory.java:1270)
	at org.springframework.beans.factory.support.DefaultListableBeanFactory.resolveDependency(DefaultListableBeanFactory.java:1224)
	at org.springframework.beans.factory.annotation.AutowiredAnnotationBeanPostProcessor$AutowiredFieldElement.inject(AutowiredAnnotationBeanPostProcessor.java:640)
	... 84 common frames omitted
